{
  "RSpec": {
    "coverage": {
      "C:/Users/aenug/Documents/GitHub/cs-uy-4513-f25-team2/app/helpers/application_helper.rb": {
        "lines": [
          1,
          null
        ]
      },
      "C:/Users/aenug/Documents/GitHub/cs-uy-4513-f25-team2/app/models/admin.rb": {
        "lines": [
          1,
          1,
          1
        ]
      },
      "C:/Users/aenug/Documents/GitHub/cs-uy-4513-f25-team2/app/models/application_record.rb": {
        "lines": [
          1,
          1,
          null
        ]
      },
      "C:/Users/aenug/Documents/GitHub/cs-uy-4513-f25-team2/app/models/feedback.rb": {
        "lines": [
          1,
          1,
          1,
          1,
          null,
          1,
          null,
          1,
          null,
          1,
          null,
          1,
          null,
          1,
          12,
          null,
          null
        ]
      },
      "C:/Users/aenug/Documents/GitHub/cs-uy-4513-f25-team2/app/models/learner.rb": {
        "lines": [
          1,
          1,
          null,
          1,
          null,
          1,
          null,
          null,
          null,
          1,
          null,
          null,
          null,
          1,
          1,
          1,
          1,
          null,
          1,
          1,
          135,
          null
        ]
      },
      "C:/Users/aenug/Documents/GitHub/cs-uy-4513-f25-team2/app/models/session_attendee.rb": {
        "lines": [
          1,
          1,
          1,
          null,
          1,
          1,
          null,
          null,
          1,
          null,
          37,
          null,
          null,
          null,
          1,
          1,
          null,
          null,
          5,
          null,
          1,
          3,
          null,
          null,
          null,
          null,
          null,
          null,
          1,
          1,
          null,
          null,
          null,
          null,
          null,
          null,
          1,
          37,
          null,
          null,
          36,
          null,
          null,
          null,
          null,
          36,
          2,
          null,
          null,
          null,
          1,
          37,
          null,
          null,
          35,
          null,
          null,
          null,
          null,
          35,
          2,
          null,
          2,
          null,
          1,
          1,
          null,
          null,
          null
        ]
      },
      "C:/Users/aenug/Documents/GitHub/cs-uy-4513-f25-team2/app/models/subject.rb": {
        "lines": [
          1,
          1,
          1,
          null,
          1,
          1,
          null,
          7,
          1,
          null
        ]
      },
      "C:/Users/aenug/Documents/GitHub/cs-uy-4513-f25-team2/app/models/teach.rb": {
        "lines": [
          1,
          1,
          1,
          1
        ]
      },
      "C:/Users/aenug/Documents/GitHub/cs-uy-4513-f25-team2/app/models/tutor_application.rb": {
        "lines": [
          1,
          1,
          null,
          1,
          null,
          1,
          null
        ]
      },
      "C:/Users/aenug/Documents/GitHub/cs-uy-4513-f25-team2/app/models/tutor_session.rb": {
        "lines": [
          1,
          1,
          1,
          1,
          1,
          1,
          null,
          1,
          1,
          1,
          1,
          1,
          1,
          1,
          1,
          1,
          null,
          1,
          58,
          null,
          56,
          1,
          null,
          null,
          null,
          1,
          14,
          null,
          null,
          1,
          12,
          null,
          null,
          1,
          6,
          null,
          null,
          null,
          1,
          58,
          55,
          null,
          null,
          null,
          55,
          1,
          null,
          null
        ]
      },
      "C:/Users/aenug/Documents/GitHub/cs-uy-4513-f25-team2/app/models/tutor.rb": {
        "lines": [
          1,
          1,
          1,
          1,
          1,
          null,
          1,
          1,
          null,
          1,
          5,
          1,
          null,
          null,
          1,
          5,
          null
        ]
      },
      "C:/Users/aenug/Documents/GitHub/cs-uy-4513-f25-team2/app/controllers/application_controller.rb": {
        "lines": [
          1,
          1,
          null,
          null,
          1,
          null,
          1,
          null,
          null,
          1,
          77,
          null,
          null,
          null,
          1,
          34,
          null,
          null,
          null,
          1,
          50,
          null,
          null,
          null,
          1,
          35,
          null,
          1,
          null,
          null,
          null,
          1,
          18,
          null,
          0,
          null
        ]
      },
      "C:/Users/aenug/Documents/GitHub/cs-uy-4513-f25-team2/app/controllers/admin/tutor_applications_controller.rb": {
        "lines": [
          1,
          1,
          null,
          1,
          7,
          null,
          null,
          1,
          3,
          null,
          3,
          1,
          1,
          null,
          null,
          2,
          1,
          1,
          null,
          null,
          1,
          1,
          1,
          null,
          null,
          1,
          3,
          null,
          3,
          1,
          1,
          null,
          null,
          2,
          1,
          1,
          null,
          null,
          1,
          1,
          null,
          null
        ]
      },
      "C:/Users/aenug/Documents/GitHub/cs-uy-4513-f25-team2/app/controllers/feedbacks_controller.rb": {
        "lines": [
          1,
          1,
          1,
          1,
          null,
          1,
          null,
          2,
          1,
          null,
          null,
          1,
          null,
          null,
          null,
          1,
          2,
          2,
          2,
          2,
          null,
          2,
          null,
          1,
          null,
          null,
          null,
          1,
          null,
          1,
          null,
          null,
          1,
          1,
          null,
          null,
          null,
          1,
          null,
          1,
          null,
          null,
          5,
          null,
          null,
          1,
          5,
          null,
          null,
          null,
          null,
          null,
          5,
          1,
          1,
          null,
          null,
          null,
          1,
          2,
          null,
          null
        ]
      },
      "C:/Users/aenug/Documents/GitHub/cs-uy-4513-f25-team2/app/controllers/home_controller.rb": {
        "lines": [
          1,
          1,
          3,
          0,
          null,
          null,
          3,
          3,
          null,
          3,
          1,
          2,
          1,
          null,
          null,
          null,
          null
        ]
      },
      "C:/Users/aenug/Documents/GitHub/cs-uy-4513-f25-team2/app/controllers/learner_sessions_controller.rb": {
        "lines": [
          1,
          null,
          1,
          1,
          1,
          1,
          null,
          1,
          null,
          3,
          null,
          null,
          null,
          null,
          1,
          null,
          1,
          null,
          null,
          null,
          null,
          null,
          null,
          1,
          null,
          null,
          null,
          null,
          null,
          1,
          2,
          2,
          1,
          null,
          1,
          1,
          null,
          null,
          null,
          0,
          null,
          null,
          null,
          1,
          null,
          1,
          4,
          null,
          null,
          4,
          null,
          null,
          1,
          4,
          null,
          1,
          null,
          null,
          1,
          3,
          null,
          0,
          null
        ]
      },
      "C:/Users/aenug/Documents/GitHub/cs-uy-4513-f25-team2/app/controllers/logins_controller.rb": {
        "lines": [
          1,
          1,
          null,
          1,
          16,
          16,
          null,
          16,
          0,
          0,
          0,
          16,
          15,
          15,
          15,
          null,
          1,
          1,
          null,
          null,
          null,
          1,
          1,
          1,
          null
        ]
      },
      "C:/Users/aenug/Documents/GitHub/cs-uy-4513-f25-team2/app/controllers/learners_controller.rb": {
        "lines": [
          1,
          1,
          1,
          null,
          1,
          null,
          null,
          1,
          4,
          null,
          4,
          null,
          4,
          1,
          null,
          3,
          3,
          null,
          null,
          null,
          1,
          null,
          1,
          4,
          null,
          null,
          null,
          null,
          null,
          null,
          null
        ]
      },
      "C:/Users/aenug/Documents/GitHub/cs-uy-4513-f25-team2/app/controllers/sessions_controller.rb": {
        "lines": [
          1,
          1,
          1,
          1,
          1,
          1,
          null,
          1,
          2,
          0,
          0,
          0,
          null,
          null,
          2,
          0,
          0,
          0,
          null,
          null,
          2,
          2,
          null,
          null,
          null,
          2,
          null,
          2,
          1,
          1,
          1,
          null,
          1,
          1,
          null,
          null,
          null,
          1,
          null,
          null,
          1,
          4,
          null,
          null,
          4,
          1,
          1,
          1,
          null,
          null,
          3,
          null,
          null,
          3,
          1,
          1,
          1,
          null,
          null,
          null,
          2,
          null,
          null,
          null,
          null,
          2,
          null,
          2,
          2,
          null,
          null,
          null,
          null,
          null,
          2,
          null,
          2,
          2,
          null,
          null,
          null,
          null,
          null,
          2,
          null,
          null,
          1,
          null,
          null,
          1,
          null,
          4,
          4,
          1,
          1,
          null,
          null,
          null,
          3,
          null,
          null,
          1,
          1,
          null,
          null,
          2,
          null,
          null,
          null,
          null,
          2,
          1,
          null,
          1,
          1,
          null,
          null,
          null,
          1,
          0,
          null,
          null,
          1,
          2,
          2,
          2,
          null,
          2,
          1,
          null,
          1,
          1,
          1,
          1,
          null,
          1,
          null,
          null,
          2,
          2,
          null,
          null,
          2,
          2,
          2,
          2,
          null,
          2,
          2,
          2,
          null,
          2,
          2,
          null,
          0,
          null,
          null,
          null,
          null,
          null,
          2,
          2,
          null,
          0,
          0,
          null,
          null,
          null,
          1,
          0,
          null,
          0,
          null,
          null,
          null,
          null,
          0,
          0,
          null,
          null,
          null,
          1,
          null,
          1,
          6,
          null,
          null,
          1,
          2,
          2,
          null,
          2,
          null,
          2,
          null,
          0,
          null,
          null,
          1,
          0,
          null,
          null,
          null,
          null,
          null,
          null,
          1,
          2,
          null,
          0,
          null,
          null,
          1,
          2,
          null
        ]
      },
      "C:/Users/aenug/Documents/GitHub/cs-uy-4513-f25-team2/app/controllers/subjects_controller.rb": {
        "lines": [
          1,
          1,
          1,
          null,
          1,
          0,
          null,
          null,
          1,
          1,
          null,
          null,
          1,
          2,
          2,
          1,
          null,
          1,
          1,
          null,
          null,
          null,
          1,
          2,
          1,
          null,
          1,
          null,
          null,
          null,
          1,
          null,
          1,
          2,
          null,
          null,
          1,
          2,
          null
        ]
      },
      "C:/Users/aenug/Documents/GitHub/cs-uy-4513-f25-team2/app/controllers/tutor_applications_controller.rb": {
        "lines": [
          1,
          1,
          null,
          1,
          2,
          2,
          1,
          1,
          null,
          null,
          null,
          1,
          null,
          1,
          1,
          1,
          1,
          null,
          0,
          null,
          1,
          null,
          null,
          1,
          1,
          1,
          null,
          null
        ]
      },
      "C:/Users/aenug/Documents/GitHub/cs-uy-4513-f25-team2/app/controllers/tutor/feedbacks_controller.rb": {
        "lines": [
          1,
          1,
          null,
          1,
          2,
          2,
          0,
          0,
          null,
          null,
          null,
          2,
          1,
          1,
          1,
          null,
          null,
          1,
          null,
          null,
          1,
          null,
          1,
          0,
          0,
          null,
          null,
          null,
          1,
          null,
          null,
          1,
          1,
          1,
          1,
          1,
          null,
          null,
          1,
          1,
          1,
          null,
          null,
          1,
          null,
          null,
          null,
          null,
          null,
          null
        ]
      },
      "C:/Users/aenug/Documents/GitHub/cs-uy-4513-f25-team2/app/controllers/tutor_sessions_controller.rb": {
        "lines": [
          1,
          null,
          1,
          1,
          1,
          null,
          1,
          null,
          1,
          null,
          null,
          null,
          null,
          null,
          null,
          1,
          null,
          0,
          null,
          null,
          null,
          null,
          null,
          null,
          null,
          null,
          null,
          1,
          1,
          1,
          1,
          null,
          null,
          null,
          1,
          2,
          1,
          null,
          1,
          null,
          null,
          null,
          1,
          0,
          0,
          0,
          null,
          null,
          0,
          0,
          0,
          null,
          null,
          null,
          null,
          1,
          3,
          1,
          1,
          null,
          null,
          2,
          1,
          1,
          null,
          null,
          1,
          1,
          null,
          null,
          1,
          null,
          1,
          6,
          null,
          null,
          1,
          7,
          null,
          null,
          1,
          2,
          null,
          null,
          1,
          3,
          0,
          null,
          null,
          null
        ]
      },
      "C:/Users/aenug/Documents/GitHub/cs-uy-4513-f25-team2/app/controllers/tutors_controller.rb": {
        "lines": [
          1,
          1,
          1,
          1,
          null,
          1,
          2,
          null,
          2,
          1,
          1,
          1,
          null,
          0,
          0,
          null,
          null,
          1,
          null,
          null,
          null,
          1,
          null,
          null,
          1,
          null,
          null,
          1,
          2,
          0,
          0,
          null,
          null,
          2,
          1,
          null,
          1,
          null,
          null,
          null,
          1,
          null,
          1,
          3,
          null,
          null,
          1,
          3,
          1,
          null,
          null,
          null,
          1,
          4,
          null
        ]
      },
      "C:/Users/aenug/Documents/GitHub/cs-uy-4513-f25-team2/app/jobs/application_job.rb": {
        "lines": [
          0,
          null,
          null,
          null,
          null,
          null,
          0
        ],
        "branches": {}
      },
      "C:/Users/aenug/Documents/GitHub/cs-uy-4513-f25-team2/app/mailers/application_mailer.rb": {
        "lines": [
          0,
          0,
          0,
          0
        ],
        "branches": {}
      }
    },
    "timestamp": 1765484035
  },
  "Cucumber Features": {
    "coverage": {
      "C:/Users/aenug/Documents/GitHub/cs-uy-4513-f25-team2/app/models/subject.rb": {
        "lines": [
          1,
          1,
          1,
          null,
          1,
          1,
          null,
          26,
          1,
          null
        ]
      },
      "C:/Users/aenug/Documents/GitHub/cs-uy-4513-f25-team2/app/models/application_record.rb": {
        "lines": [
          1,
          1,
          null
        ]
      },
      "C:/Users/aenug/Documents/GitHub/cs-uy-4513-f25-team2/app/models/admin.rb": {
        "lines": [
          1,
          1,
          1
        ]
      },
      "C:/Users/aenug/Documents/GitHub/cs-uy-4513-f25-team2/app/controllers/logins_controller.rb": {
        "lines": [
          1,
          1,
          null,
          1,
          84,
          84,
          null,
          84,
          9,
          9,
          9,
          75,
          74,
          74,
          74,
          null,
          1,
          1,
          null,
          null,
          null,
          1,
          1,
          1,
          null
        ]
      },
      "C:/Users/aenug/Documents/GitHub/cs-uy-4513-f25-team2/app/controllers/application_controller.rb": {
        "lines": [
          1,
          1,
          null,
          null,
          1,
          null,
          1,
          null,
          null,
          1,
          2194,
          null,
          null,
          null,
          1,
          537,
          null,
          null,
          null,
          1,
          708,
          null,
          null,
          null,
          1,
          118,
          null,
          1,
          null,
          null,
          null,
          1,
          19,
          null,
          1,
          null
        ]
      },
      "C:/Users/aenug/Documents/GitHub/cs-uy-4513-f25-team2/app/helpers/application_helper.rb": {
        "lines": [
          1,
          null
        ]
      },
      "C:/Users/aenug/Documents/GitHub/cs-uy-4513-f25-team2/app/models/learner.rb": {
        "lines": [
          1,
          1,
          null,
          1,
          null,
          1,
          null,
          null,
          null,
          1,
          null,
          null,
          null,
          1,
          1,
          1,
          1,
          null,
          1,
          1,
          343,
          null
        ]
      },
      "C:/Users/aenug/Documents/GitHub/cs-uy-4513-f25-team2/app/controllers/home_controller.rb": {
        "lines": [
          1,
          1,
          120,
          54,
          null,
          null,
          66,
          44,
          null,
          44,
          42,
          2,
          2,
          null,
          null,
          null,
          null
        ]
      },
      "C:/Users/aenug/Documents/GitHub/cs-uy-4513-f25-team2/app/controllers/subjects_controller.rb": {
        "lines": [
          1,
          1,
          1,
          null,
          1,
          2,
          null,
          null,
          1,
          4,
          null,
          null,
          1,
          3,
          3,
          1,
          null,
          2,
          2,
          null,
          null,
          null,
          1,
          1,
          1,
          null,
          0,
          null,
          null,
          null,
          1,
          null,
          1,
          1,
          null,
          null,
          1,
          3,
          null
        ]
      },
      "C:/Users/aenug/Documents/GitHub/cs-uy-4513-f25-team2/app/models/tutor.rb": {
        "lines": [
          1,
          1,
          1,
          1,
          1,
          null,
          1,
          1,
          null,
          1,
          17,
          15,
          null,
          null,
          1,
          17,
          null
        ]
      },
      "C:/Users/aenug/Documents/GitHub/cs-uy-4513-f25-team2/app/controllers/sessions_controller.rb": {
        "lines": [
          1,
          1,
          1,
          1,
          1,
          1,
          null,
          1,
          5,
          1,
          1,
          1,
          null,
          null,
          4,
          0,
          0,
          0,
          null,
          null,
          4,
          4,
          null,
          null,
          null,
          4,
          null,
          4,
          4,
          2,
          4,
          null,
          0,
          0,
          null,
          null,
          null,
          1,
          null,
          null,
          1,
          8,
          null,
          null,
          8,
          0,
          0,
          0,
          null,
          null,
          8,
          null,
          null,
          8,
          0,
          0,
          0,
          null,
          null,
          null,
          8,
          null,
          null,
          null,
          null,
          8,
          null,
          8,
          8,
          null,
          null,
          null,
          null,
          null,
          8,
          null,
          8,
          8,
          null,
          null,
          null,
          null,
          null,
          8,
          null,
          null,
          1,
          null,
          null,
          1,
          null,
          7,
          7,
          1,
          1,
          null,
          null,
          null,
          6,
          null,
          null,
          1,
          1,
          null,
          null,
          5,
          null,
          null,
          null,
          null,
          5,
          3,
          null,
          2,
          2,
          null,
          null,
          null,
          1,
          4,
          null,
          null,
          1,
          3,
          3,
          3,
          null,
          3,
          3,
          null,
          0,
          0,
          0,
          0,
          null,
          0,
          null,
          null,
          3,
          3,
          null,
          null,
          3,
          3,
          3,
          3,
          null,
          3,
          3,
          3,
          null,
          3,
          3,
          null,
          0,
          null,
          null,
          null,
          null,
          null,
          3,
          1,
          null,
          2,
          2,
          null,
          null,
          null,
          1,
          15,
          null,
          15,
          null,
          null,
          null,
          null,
          15,
          1,
          null,
          null,
          null,
          1,
          null,
          1,
          38,
          null,
          null,
          1,
          20,
          20,
          null,
          20,
          null,
          20,
          null,
          0,
          null,
          null,
          1,
          0,
          null,
          null,
          null,
          null,
          null,
          null,
          1,
          7,
          null,
          0,
          null,
          null,
          1,
          7,
          null
        ]
      },
      "C:/Users/aenug/Documents/GitHub/cs-uy-4513-f25-team2/app/models/tutor_session.rb": {
        "lines": [
          1,
          1,
          1,
          1,
          1,
          1,
          null,
          1,
          1,
          1,
          1,
          1,
          1,
          1,
          1,
          1,
          null,
          1,
          88,
          null,
          88,
          0,
          null,
          null,
          null,
          1,
          39,
          null,
          null,
          1,
          39,
          null,
          null,
          1,
          26,
          null,
          null,
          null,
          1,
          88,
          88,
          null,
          null,
          null,
          88,
          2,
          null,
          null
        ]
      },
      "C:/Users/aenug/Documents/GitHub/cs-uy-4513-f25-team2/app/models/tutor_application.rb": {
        "lines": [
          1,
          1,
          null,
          1,
          null,
          1,
          null
        ]
      },
      "C:/Users/aenug/Documents/GitHub/cs-uy-4513-f25-team2/app/models/session_attendee.rb": {
        "lines": [
          1,
          1,
          1,
          null,
          1,
          1,
          null,
          null,
          1,
          null,
          260,
          null,
          null,
          null,
          1,
          1,
          null,
          null,
          19,
          null,
          1,
          16,
          null,
          null,
          null,
          null,
          null,
          null,
          1,
          2,
          null,
          null,
          null,
          null,
          null,
          null,
          1,
          260,
          null,
          null,
          260,
          null,
          null,
          null,
          null,
          260,
          1,
          null,
          null,
          null,
          1,
          260,
          null,
          null,
          260,
          null,
          null,
          null,
          null,
          260,
          7,
          null,
          7,
          null,
          1,
          1,
          null,
          null,
          null
        ]
      },
      "C:/Users/aenug/Documents/GitHub/cs-uy-4513-f25-team2/app/models/teach.rb": {
        "lines": [
          1,
          1,
          1,
          1
        ]
      },
      "C:/Users/aenug/Documents/GitHub/cs-uy-4513-f25-team2/app/controllers/learner_sessions_controller.rb": {
        "lines": [
          1,
          null,
          1,
          1,
          1,
          1,
          null,
          1,
          null,
          16,
          null,
          null,
          null,
          null,
          1,
          null,
          2,
          null,
          null,
          null,
          null,
          null,
          null,
          1,
          null,
          null,
          null,
          null,
          null,
          1,
          3,
          2,
          2,
          null,
          0,
          0,
          null,
          null,
          null,
          1,
          null,
          null,
          null,
          1,
          null,
          1,
          8,
          null,
          null,
          8,
          null,
          null,
          1,
          8,
          null,
          1,
          null,
          null,
          1,
          7,
          null,
          1,
          null
        ]
      },
      "C:/Users/aenug/Documents/GitHub/cs-uy-4513-f25-team2/app/controllers/feedbacks_controller.rb": {
        "lines": [
          1,
          1,
          1,
          1,
          null,
          1,
          null,
          3,
          0,
          null,
          null,
          3,
          null,
          null,
          null,
          1,
          2,
          2,
          2,
          2,
          null,
          2,
          null,
          1,
          null,
          null,
          null,
          1,
          null,
          1,
          null,
          null,
          1,
          1,
          null,
          null,
          null,
          1,
          null,
          1,
          null,
          null,
          5,
          null,
          null,
          1,
          5,
          null,
          null,
          null,
          null,
          null,
          5,
          0,
          0,
          null,
          null,
          null,
          1,
          2,
          null,
          null
        ]
      },
      "C:/Users/aenug/Documents/GitHub/cs-uy-4513-f25-team2/app/models/feedback.rb": {
        "lines": [
          1,
          1,
          1,
          1,
          null,
          1,
          null,
          1,
          null,
          1,
          null,
          1,
          null,
          1,
          216,
          null,
          null
        ]
      },
      "C:/Users/aenug/Documents/GitHub/cs-uy-4513-f25-team2/app/controllers/tutors_controller.rb": {
        "lines": [
          1,
          1,
          1,
          1,
          null,
          1,
          5,
          null,
          5,
          1,
          1,
          1,
          null,
          0,
          0,
          null,
          null,
          4,
          null,
          null,
          null,
          1,
          null,
          null,
          1,
          null,
          null,
          1,
          4,
          1,
          1,
          null,
          null,
          3,
          2,
          null,
          1,
          null,
          null,
          null,
          1,
          null,
          1,
          14,
          null,
          null,
          1,
          11,
          0,
          null,
          null,
          null,
          1,
          7,
          null
        ]
      },
      "C:/Users/aenug/Documents/GitHub/cs-uy-4513-f25-team2/app/controllers/admin/tutor_applications_controller.rb": {
        "lines": [
          1,
          1,
          null,
          1,
          6,
          null,
          null,
          1,
          1,
          null,
          1,
          0,
          0,
          null,
          null,
          1,
          0,
          0,
          null,
          null,
          1,
          1,
          1,
          null,
          null,
          1,
          1,
          null,
          1,
          0,
          0,
          null,
          null,
          1,
          0,
          0,
          null,
          null,
          1,
          1,
          null,
          null
        ]
      },
      "C:/Users/aenug/Documents/GitHub/cs-uy-4513-f25-team2/app/controllers/tutor_sessions_controller.rb": {
        "lines": [
          1,
          null,
          1,
          1,
          1,
          null,
          1,
          null,
          17,
          null,
          null,
          null,
          null,
          null,
          null,
          1,
          null,
          2,
          null,
          null,
          null,
          null,
          null,
          null,
          null,
          null,
          null,
          1,
          3,
          1,
          1,
          null,
          null,
          null,
          1,
          1,
          1,
          null,
          0,
          null,
          null,
          null,
          1,
          4,
          1,
          1,
          null,
          null,
          3,
          1,
          1,
          null,
          null,
          null,
          null,
          1,
          1,
          0,
          0,
          null,
          null,
          1,
          0,
          0,
          null,
          null,
          1,
          1,
          null,
          null,
          1,
          null,
          1,
          10,
          null,
          null,
          1,
          30,
          null,
          null,
          1,
          1,
          null,
          null,
          1,
          5,
          1,
          null,
          null,
          null
        ]
      },
      "C:/Users/aenug/Documents/GitHub/cs-uy-4513-f25-team2/app/controllers/tutor_applications_controller.rb": {
        "lines": [
          1,
          1,
          null,
          1,
          2,
          2,
          0,
          0,
          null,
          null,
          null,
          1,
          null,
          1,
          1,
          1,
          1,
          null,
          0,
          null,
          1,
          null,
          null,
          1,
          1,
          1,
          null,
          null
        ]
      },
      "C:/Users/aenug/Documents/GitHub/cs-uy-4513-f25-team2/app/controllers/tutor/feedbacks_controller.rb": {
        "lines": [
          1,
          1,
          null,
          1,
          11,
          11,
          0,
          0,
          null,
          null,
          null,
          11,
          1,
          1,
          1,
          null,
          null,
          10,
          null,
          null,
          10,
          null,
          10,
          1,
          1,
          null,
          null,
          null,
          10,
          null,
          null,
          10,
          10,
          10,
          10,
          10,
          null,
          null,
          10,
          10,
          10,
          null,
          null,
          10,
          null,
          null,
          null,
          null,
          null,
          null
        ]
      },
      "C:/Users/aenug/Documents/GitHub/cs-uy-4513-f25-team2/app/controllers/learners_controller.rb": {
        "lines": [
          1,
          1,
          4,
          null,
          4,
          null,
          null,
          1,
          4,
          null,
          4,
          null,
          4,
          1,
          null,
          3,
          3,
          null,
          null,
          null,
          1,
          null,
          1,
          4,
          null,
          null,
          null,
          null,
          null,
          null,
          null
        ]
      },
      "C:/Users/aenug/Documents/GitHub/cs-uy-4513-f25-team2/app/jobs/application_job.rb": {
        "lines": [
          0,
          null,
          null,
          null,
          null,
          null,
          0
        ],
        "branches": {}
      },
      "C:/Users/aenug/Documents/GitHub/cs-uy-4513-f25-team2/app/mailers/application_mailer.rb": {
        "lines": [
          0,
          0,
          0,
          0
        ],
        "branches": {}
      }
    },
    "timestamp": 1765484048
  }
}
