{
  "RSpec": {
    "coverage": {
      "C:/Users/aenug/Documents/GitHub/cs-uy-4513-f25-team2/app/helpers/application_helper.rb": {
        "lines": [
          1,
          null
        ]
      },
      "C:/Users/aenug/Documents/GitHub/cs-uy-4513-f25-team2/app/models/admin.rb": {
        "lines": [
          1,
          1,
          1
        ]
      },
      "C:/Users/aenug/Documents/GitHub/cs-uy-4513-f25-team2/app/models/application_record.rb": {
        "lines": [
          1,
          1,
          null
        ]
      },
      "C:/Users/aenug/Documents/GitHub/cs-uy-4513-f25-team2/app/models/feedback.rb": {
        "lines": [
          1,
          1,
          1,
          1,
          null,
          1,
          null,
          1,
          null,
          1,
          null,
          1,
          null,
          1,
          26,
          null,
          null
        ]
      },
      "C:/Users/aenug/Documents/GitHub/cs-uy-4513-f25-team2/app/models/learner.rb": {
        "lines": [
          1,
          1,
          1,
          null,
          null,
          1,
          1,
          1,
          1,
          null
        ]
      },
      "C:/Users/aenug/Documents/GitHub/cs-uy-4513-f25-team2/app/models/session_attendee.rb": {
        "lines": [
          1,
          1,
          1,
          null,
          1,
          1,
          null,
          null,
          1,
          null,
          38,
          null,
          null,
          null,
          1,
          1,
          null,
          null,
          9,
          null,
          1,
          6,
          null,
          null,
          null,
          null,
          null,
          null,
          1,
          2,
          null,
          null,
          null,
          null,
          null,
          null,
          1,
          38,
          null,
          null,
          37,
          null,
          null,
          null,
          null,
          37,
          2,
          null,
          null,
          null,
          1,
          38,
          null,
          null,
          36,
          null,
          null,
          null,
          null,
          36,
          6,
          null,
          6,
          null,
          2,
          2,
          null,
          null,
          null
        ]
      },
      "C:/Users/aenug/Documents/GitHub/cs-uy-4513-f25-team2/app/models/subject.rb": {
        "lines": [
          1,
          1,
          1,
          null,
          1,
          1
        ]
      },
      "C:/Users/aenug/Documents/GitHub/cs-uy-4513-f25-team2/app/models/teach.rb": {
        "lines": [
          1,
          1,
          1,
          1
        ]
      },
      "C:/Users/aenug/Documents/GitHub/cs-uy-4513-f25-team2/app/models/tutor_application.rb": {
        "lines": [
          1,
          1,
          null,
          1,
          null,
          1,
          null
        ]
      },
      "C:/Users/aenug/Documents/GitHub/cs-uy-4513-f25-team2/app/models/tutor_session.rb": {
        "lines": [
          1,
          1,
          1,
          1,
          1,
          1,
          null,
          1,
          1,
          1,
          1,
          1,
          1,
          1,
          1,
          null,
          1,
          99,
          null,
          96,
          1,
          null,
          null,
          null,
          1,
          99,
          95,
          null,
          null,
          null,
          95,
          2,
          null,
          null,
          null
        ]
      },
      "C:/Users/aenug/Documents/GitHub/cs-uy-4513-f25-team2/app/models/tutor.rb": {
        "lines": [
          1,
          1,
          1,
          1,
          1,
          null,
          1,
          1,
          1,
          null,
          null,
          null,
          null,
          1,
          null,
          null,
          null,
          null
        ]
      },
      "C:/Users/aenug/Documents/GitHub/cs-uy-4513-f25-team2/app/controllers/application_controller.rb": {
        "lines": [
          1,
          1,
          null,
          null,
          1,
          null,
          1,
          null,
          null,
          1,
          85,
          null,
          null,
          null,
          1,
          10,
          null,
          null,
          null,
          1,
          59,
          null,
          null,
          null,
          1,
          66,
          null,
          8,
          null,
          null,
          null,
          1,
          17,
          null,
          0,
          null
        ]
      },
      "C:/Users/aenug/Documents/GitHub/cs-uy-4513-f25-team2/app/controllers/admin/tutor_applications_controller.rb": {
        "lines": [
          1,
          1,
          null,
          1,
          7,
          null,
          null,
          1,
          3,
          null,
          3,
          1,
          1,
          null,
          null,
          2,
          1,
          1,
          null,
          null,
          1,
          1,
          1,
          null,
          null,
          1,
          3,
          null,
          3,
          1,
          1,
          null,
          null,
          2,
          1,
          1,
          null,
          null,
          1,
          1,
          null,
          null
        ]
      },
      "C:/Users/aenug/Documents/GitHub/cs-uy-4513-f25-team2/app/controllers/home_controller.rb": {
        "lines": [
          1,
          1,
          5,
          0,
          0,
          null,
          null,
          5,
          5,
          null,
          5,
          1,
          4,
          3,
          1,
          1,
          null,
          null,
          null,
          null
        ]
      },
      "C:/Users/aenug/Documents/GitHub/cs-uy-4513-f25-team2/app/controllers/learner_sessions_controller.rb": {
        "lines": [
          1,
          null,
          1,
          1,
          1,
          1,
          null,
          1,
          null,
          6,
          null,
          null,
          null,
          null,
          1,
          null,
          2,
          null,
          null,
          null,
          null,
          null,
          null,
          1,
          null,
          null,
          null,
          null,
          null,
          1,
          2,
          1,
          1,
          null,
          0,
          0,
          null,
          null,
          null,
          1,
          null,
          null,
          null,
          1,
          null,
          1,
          5,
          null,
          null,
          5,
          null,
          null,
          1,
          5,
          null,
          1,
          null,
          null,
          1,
          4,
          null,
          1,
          null
        ]
      },
      "C:/Users/aenug/Documents/GitHub/cs-uy-4513-f25-team2/app/controllers/logins_controller.rb": {
        "lines": [
          1,
          1,
          null,
          1,
          23,
          23,
          null,
          23,
          0,
          0,
          0,
          23,
          22,
          22,
          22,
          null,
          1,
          1,
          null,
          null,
          null,
          1,
          1,
          1,
          null
        ]
      },
      "C:/Users/aenug/Documents/GitHub/cs-uy-4513-f25-team2/app/controllers/learners_controller.rb": {
        "lines": [
          1,
          1,
          1,
          null,
          null,
          1,
          4,
          null,
          4,
          1,
          null,
          3,
          3,
          null,
          null,
          null,
          1,
          null,
          1,
          4,
          null
        ]
      },
      "C:/Users/aenug/Documents/GitHub/cs-uy-4513-f25-team2/app/controllers/sessions_controller.rb": {
        "lines": [
          1,
          1,
          1,
          1,
          1,
          null,
          1,
          null,
          1,
          8,
          1,
          1,
          1,
          null,
          null,
          7,
          1,
          1,
          1,
          null,
          null,
          6,
          6,
          null,
          null,
          null,
          6,
          null,
          6,
          6,
          6,
          null,
          0,
          0,
          null,
          null,
          null,
          1,
          null,
          1,
          2,
          2,
          null,
          2,
          0,
          0,
          null,
          null,
          2,
          2,
          null,
          2,
          null,
          null,
          null,
          null,
          null,
          null,
          1,
          null,
          1,
          null,
          4,
          4,
          0,
          0,
          null,
          null,
          null,
          4,
          null,
          null,
          1,
          1,
          null,
          null,
          3,
          null,
          null,
          null,
          null,
          3,
          1,
          null,
          2,
          2,
          null,
          null,
          null,
          1,
          0,
          null,
          null,
          1,
          3,
          3,
          3,
          null,
          3,
          3,
          3,
          0,
          null,
          3,
          null,
          null,
          3,
          3,
          3,
          null,
          3,
          1,
          null,
          2,
          2,
          null,
          null,
          null,
          1,
          7,
          null,
          null,
          null,
          7,
          null,
          null,
          null,
          null,
          7,
          0,
          null,
          null,
          null,
          1,
          null,
          1,
          21,
          null,
          null,
          1,
          16,
          16,
          null,
          16,
          null,
          16,
          null,
          1,
          null,
          null,
          1,
          0,
          null,
          null,
          null,
          null,
          null,
          null,
          1,
          3,
          null,
          0,
          null,
          null
        ]
      },
      "C:/Users/aenug/Documents/GitHub/cs-uy-4513-f25-team2/app/controllers/subjects_controller.rb": {
        "lines": [
          1,
          1,
          null,
          1,
          2,
          null,
          null,
          1,
          2,
          2,
          1,
          null,
          1,
          1,
          null,
          null,
          null,
          1,
          null,
          1,
          2,
          null
        ]
      },
      "C:/Users/aenug/Documents/GitHub/cs-uy-4513-f25-team2/app/controllers/tutor_applications_controller.rb": {
        "lines": [
          1,
          1,
          null,
          1,
          3,
          3,
          2,
          2,
          null,
          null,
          null,
          1,
          null,
          2,
          2,
          2,
          1,
          null,
          1,
          null,
          2,
          null,
          null,
          1,
          1,
          2,
          null,
          null
        ]
      },
      "C:/Users/aenug/Documents/GitHub/cs-uy-4513-f25-team2/app/controllers/tutor/feedbacks_controller.rb": {
        "lines": [
          1,
          1,
          null,
          1,
          6,
          6,
          0,
          0,
          null,
          null,
          null,
          6,
          1,
          1,
          1,
          null,
          null,
          5,
          null,
          null,
          5,
          null,
          5,
          1,
          1,
          null,
          null,
          null,
          5,
          null,
          null,
          5,
          5,
          5,
          5,
          5,
          null,
          null,
          5,
          5,
          5,
          null,
          null,
          5,
          null,
          null,
          null,
          null,
          null,
          null
        ]
      },
      "C:/Users/aenug/Documents/GitHub/cs-uy-4513-f25-team2/app/controllers/tutor_sessions_controller.rb": {
        "lines": [
          1,
          null,
          1,
          1,
          1,
          null,
          1,
          null,
          6,
          null,
          null,
          null,
          null,
          null,
          null,
          1,
          null,
          2,
          null,
          null,
          null,
          null,
          null,
          null,
          null,
          null,
          null,
          1,
          2,
          0,
          0,
          null,
          null,
          null,
          1,
          2,
          2,
          null,
          0,
          null,
          null,
          null,
          1,
          0,
          0,
          0,
          null,
          null,
          0,
          0,
          0,
          null,
          null,
          null,
          null,
          1,
          3,
          1,
          1,
          null,
          null,
          2,
          1,
          1,
          null,
          null,
          1,
          1,
          null,
          null,
          1,
          null,
          1,
          8,
          null,
          null,
          1,
          19,
          null,
          null,
          1,
          2,
          null,
          null,
          1,
          5,
          1,
          null,
          null,
          null
        ]
      },
      "C:/Users/aenug/Documents/GitHub/cs-uy-4513-f25-team2/app/controllers/tutors_controller.rb": {
        "lines": [
          1,
          1,
          1,
          1,
          null,
          1,
          3,
          1,
          1,
          1,
          null,
          0,
          0,
          null,
          null,
          2,
          null,
          null,
          null,
          1,
          null,
          null,
          1,
          null,
          null,
          1,
          4,
          1,
          1,
          null,
          null,
          3,
          2,
          null,
          1,
          null,
          null,
          null,
          1,
          null,
          1,
          9,
          null,
          null,
          1,
          7,
          2,
          null,
          null,
          null,
          1,
          7,
          null,
          null
        ]
      },
      "C:/Users/aenug/Documents/GitHub/cs-uy-4513-f25-team2/app/controllers/feedbacks_controller.rb": {
        "lines": [
          0,
          0,
          0,
          0,
          null,
          0,
          null,
          0,
          0,
          0,
          0,
          0,
          0,
          0,
          null,
          0,
          0,
          0,
          0,
          0,
          null,
          0,
          null,
          0,
          0,
          0,
          0,
          0,
          null,
          0,
          0,
          0,
          0,
          0,
          0,
          0,
          null,
          0,
          null,
          0,
          null,
          null,
          0,
          0,
          null,
          0,
          0,
          0,
          0,
          0,
          null,
          null,
          0,
          0,
          0,
          0,
          0,
          null,
          0,
          0,
          0,
          0
        ],
        "branches": {}
      },
      "C:/Users/aenug/Documents/GitHub/cs-uy-4513-f25-team2/app/jobs/application_job.rb": {
        "lines": [
          0,
          null,
          null,
          null,
          null,
          null,
          0
        ],
        "branches": {}
      },
      "C:/Users/aenug/Documents/GitHub/cs-uy-4513-f25-team2/app/mailers/application_mailer.rb": {
        "lines": [
          0,
          0,
          0,
          0
        ],
        "branches": {}
      }
    },
    "timestamp": 1765072262
  },
  "Cucumber Features": {
    "coverage": {
      "C:/Users/aenug/Documents/GitHub/cs-uy-4513-f25-team2/app/models/learner.rb": {
        "lines": [
          1,
          1,
          1,
          null,
          null,
          1,
          1,
          1,
          1,
          null
        ]
      },
      "C:/Users/aenug/Documents/GitHub/cs-uy-4513-f25-team2/app/models/application_record.rb": {
        "lines": [
          1,
          1,
          null
        ]
      },
      "C:/Users/aenug/Documents/GitHub/cs-uy-4513-f25-team2/app/controllers/logins_controller.rb": {
        "lines": [
          1,
          1,
          null,
          1,
          64,
          64,
          null,
          64,
          8,
          8,
          8,
          56,
          55,
          55,
          55,
          null,
          1,
          1,
          null,
          null,
          null,
          1,
          1,
          1,
          null
        ]
      },
      "C:/Users/aenug/Documents/GitHub/cs-uy-4513-f25-team2/app/controllers/application_controller.rb": {
        "lines": [
          1,
          1,
          null,
          null,
          1,
          null,
          1,
          null,
          null,
          1,
          885,
          null,
          null,
          null,
          1,
          218,
          null,
          null,
          null,
          1,
          225,
          null,
          null,
          null,
          1,
          87,
          null,
          1,
          null,
          null,
          null,
          1,
          15,
          null,
          0,
          null
        ]
      },
      "C:/Users/aenug/Documents/GitHub/cs-uy-4513-f25-team2/app/helpers/application_helper.rb": {
        "lines": [
          1,
          null
        ]
      },
      "C:/Users/aenug/Documents/GitHub/cs-uy-4513-f25-team2/app/models/admin.rb": {
        "lines": [
          1,
          1,
          1
        ]
      },
      "C:/Users/aenug/Documents/GitHub/cs-uy-4513-f25-team2/app/controllers/home_controller.rb": {
        "lines": [
          1,
          1,
          95,
          36,
          36,
          null,
          null,
          59,
          37,
          null,
          37,
          35,
          2,
          2,
          0,
          0,
          null,
          null,
          null,
          null
        ]
      },
      "C:/Users/aenug/Documents/GitHub/cs-uy-4513-f25-team2/app/models/tutor.rb": {
        "lines": [
          1,
          1,
          1,
          1,
          1,
          null,
          1,
          1,
          null,
          null,
          null,
          null,
          1,
          null,
          null,
          null,
          null
        ]
      },
      "C:/Users/aenug/Documents/GitHub/cs-uy-4513-f25-team2/app/models/tutor_application.rb": {
        "lines": [
          1,
          1,
          null,
          1,
          null,
          1,
          null
        ]
      },
      "C:/Users/aenug/Documents/GitHub/cs-uy-4513-f25-team2/app/models/subject.rb": {
        "lines": [
          1,
          1,
          1,
          null,
          1,
          1
        ]
      },
      "C:/Users/aenug/Documents/GitHub/cs-uy-4513-f25-team2/app/models/teach.rb": {
        "lines": [
          1,
          1,
          1,
          1
        ]
      },
      "C:/Users/aenug/Documents/GitHub/cs-uy-4513-f25-team2/app/models/tutor_session.rb": {
        "lines": [
          1,
          1,
          1,
          1,
          1,
          1,
          null,
          1,
          1,
          1,
          1,
          1,
          1,
          1,
          1,
          null,
          1,
          68,
          null,
          68,
          0,
          null,
          null,
          null,
          1,
          68,
          68,
          null,
          null,
          null,
          68,
          2,
          null,
          null,
          null
        ]
      },
      "C:/Users/aenug/Documents/GitHub/cs-uy-4513-f25-team2/app/controllers/sessions_controller.rb": {
        "lines": [
          1,
          1,
          1,
          1,
          1,
          null,
          1,
          null,
          1,
          5,
          1,
          1,
          1,
          null,
          null,
          4,
          0,
          0,
          0,
          null,
          null,
          4,
          4,
          null,
          null,
          null,
          4,
          null,
          4,
          4,
          4,
          null,
          0,
          0,
          null,
          null,
          null,
          1,
          null,
          1,
          5,
          5,
          null,
          5,
          0,
          0,
          null,
          null,
          5,
          5,
          null,
          5,
          null,
          null,
          null,
          null,
          null,
          null,
          1,
          null,
          1,
          null,
          5,
          5,
          1,
          1,
          null,
          null,
          null,
          4,
          null,
          null,
          1,
          1,
          null,
          null,
          3,
          null,
          null,
          null,
          null,
          3,
          1,
          null,
          2,
          2,
          null,
          null,
          null,
          1,
          3,
          null,
          null,
          1,
          3,
          3,
          3,
          null,
          3,
          3,
          3,
          0,
          null,
          3,
          null,
          null,
          3,
          3,
          3,
          null,
          3,
          1,
          null,
          2,
          2,
          null,
          null,
          null,
          1,
          13,
          null,
          null,
          null,
          13,
          null,
          null,
          null,
          null,
          13,
          1,
          null,
          null,
          null,
          1,
          null,
          1,
          32,
          null,
          null,
          1,
          18,
          18,
          null,
          18,
          null,
          18,
          null,
          0,
          null,
          null,
          1,
          0,
          null,
          null,
          null,
          null,
          null,
          null,
          1,
          6,
          null,
          0,
          null,
          null
        ]
      },
      "C:/Users/aenug/Documents/GitHub/cs-uy-4513-f25-team2/app/models/session_attendee.rb": {
        "lines": [
          1,
          1,
          1,
          null,
          1,
          1,
          null,
          null,
          1,
          null,
          63,
          null,
          null,
          null,
          1,
          1,
          null,
          null,
          14,
          null,
          1,
          11,
          null,
          null,
          null,
          null,
          null,
          null,
          1,
          2,
          null,
          null,
          null,
          null,
          null,
          null,
          1,
          63,
          null,
          null,
          63,
          null,
          null,
          null,
          null,
          63,
          1,
          null,
          null,
          null,
          1,
          63,
          null,
          null,
          63,
          null,
          null,
          null,
          null,
          63,
          7,
          null,
          7,
          null,
          1,
          1,
          null,
          null,
          null
        ]
      },
      "C:/Users/aenug/Documents/GitHub/cs-uy-4513-f25-team2/app/controllers/subjects_controller.rb": {
        "lines": [
          1,
          1,
          null,
          1,
          4,
          null,
          null,
          1,
          3,
          3,
          1,
          null,
          2,
          2,
          null,
          null,
          null,
          1,
          null,
          1,
          3,
          null
        ]
      },
      "C:/Users/aenug/Documents/GitHub/cs-uy-4513-f25-team2/app/controllers/learner_sessions_controller.rb": {
        "lines": [
          1,
          null,
          1,
          1,
          1,
          1,
          null,
          1,
          null,
          11,
          null,
          null,
          null,
          null,
          1,
          null,
          2,
          null,
          null,
          null,
          null,
          null,
          null,
          1,
          null,
          null,
          null,
          null,
          null,
          1,
          2,
          1,
          1,
          null,
          0,
          0,
          null,
          null,
          null,
          1,
          null,
          null,
          null,
          1,
          null,
          1,
          6,
          null,
          null,
          6,
          null,
          null,
          1,
          6,
          null,
          1,
          null,
          null,
          1,
          5,
          null,
          1,
          null
        ]
      },
      "C:/Users/aenug/Documents/GitHub/cs-uy-4513-f25-team2/app/controllers/feedbacks_controller.rb": {
        "lines": [
          1,
          1,
          1,
          1,
          null,
          1,
          null,
          3,
          0,
          null,
          null,
          3,
          null,
          null,
          null,
          1,
          2,
          2,
          2,
          2,
          null,
          2,
          null,
          1,
          null,
          null,
          null,
          1,
          null,
          1,
          null,
          null,
          1,
          1,
          null,
          null,
          null,
          1,
          null,
          1,
          null,
          null,
          5,
          null,
          null,
          1,
          5,
          null,
          null,
          null,
          null,
          null,
          5,
          0,
          0,
          null,
          null,
          null,
          1,
          2,
          null,
          null
        ]
      },
      "C:/Users/aenug/Documents/GitHub/cs-uy-4513-f25-team2/app/models/feedback.rb": {
        "lines": [
          1,
          1,
          1,
          1,
          null,
          1,
          null,
          1,
          null,
          1,
          null,
          1,
          null,
          1,
          24,
          null,
          null
        ]
      },
      "C:/Users/aenug/Documents/GitHub/cs-uy-4513-f25-team2/app/controllers/tutors_controller.rb": {
        "lines": [
          1,
          1,
          5,
          1,
          1,
          1,
          null,
          0,
          0,
          null,
          null,
          4,
          null,
          null,
          null,
          1,
          1,
          null,
          null
        ]
      },
      "C:/Users/aenug/Documents/GitHub/cs-uy-4513-f25-team2/app/controllers/admin/tutor_applications_controller.rb": {
        "lines": [
          1,
          1,
          null,
          1,
          6,
          null,
          null,
          1,
          1,
          null,
          1,
          0,
          0,
          null,
          null,
          1,
          0,
          0,
          null,
          null,
          1,
          1,
          1,
          null,
          null,
          1,
          1,
          null,
          1,
          0,
          0,
          null,
          null,
          1,
          0,
          0,
          null,
          null,
          1,
          1,
          null,
          null
        ]
      },
      "C:/Users/aenug/Documents/GitHub/cs-uy-4513-f25-team2/app/controllers/tutor_applications_controller.rb": {
        "lines": [
          1,
          1,
          null,
          1,
          2,
          2,
          0,
          0,
          null,
          null,
          null,
          1,
          null,
          1,
          1,
          1,
          1,
          null,
          0,
          null,
          1,
          null,
          null,
          1,
          1,
          1,
          null,
          null
        ]
      },
      "C:/Users/aenug/Documents/GitHub/cs-uy-4513-f25-team2/app/controllers/tutor_sessions_controller.rb": {
        "lines": [
          1,
          null,
          1,
          1,
          null,
          1,
          null,
          10,
          null,
          null,
          null,
          null,
          null,
          null,
          1,
          null,
          2,
          null,
          null,
          null,
          null,
          null,
          null,
          null,
          null,
          null,
          1,
          4,
          1,
          1,
          null,
          null,
          3,
          1,
          1,
          null,
          null,
          null,
          null,
          1,
          1,
          0,
          0,
          null,
          null,
          1,
          0,
          0,
          null,
          null,
          1,
          1,
          null,
          null,
          1,
          null,
          1,
          5,
          null,
          null,
          1,
          18,
          null
        ]
      },
      "C:/Users/aenug/Documents/GitHub/cs-uy-4513-f25-team2/app/controllers/tutor/feedbacks_controller.rb": {
        "lines": [
          1,
          1,
          null,
          1,
          11,
          11,
          0,
          0,
          null,
          null,
          null,
          11,
          1,
          1,
          1,
          null,
          null,
          10,
          null,
          null,
          10,
          null,
          10,
          1,
          1,
          null,
          null,
          null,
          10,
          null,
          null,
          10,
          10,
          10,
          10,
          10,
          null,
          null,
          10,
          10,
          10,
          null,
          null,
          10,
          null,
          null,
          null,
          null,
          null,
          null
        ]
      },
      "C:/Users/aenug/Documents/GitHub/cs-uy-4513-f25-team2/app/controllers/learners_controller.rb": {
        "lines": [
          1,
          1,
          5,
          null,
          null,
          1,
          5,
          null,
          5,
          1,
          null,
          4,
          4,
          null,
          null,
          null,
          1,
          null,
          1,
          5,
          null
        ]
      },
      "C:/Users/aenug/Documents/GitHub/cs-uy-4513-f25-team2/app/jobs/application_job.rb": {
        "lines": [
          0,
          null,
          null,
          null,
          null,
          null,
          0
        ],
        "branches": {}
      },
      "C:/Users/aenug/Documents/GitHub/cs-uy-4513-f25-team2/app/mailers/application_mailer.rb": {
        "lines": [
          0,
          0,
          0,
          0
        ],
        "branches": {}
      }
    },
    "timestamp": 1765048880
  }
}
